The system is: Linux - 3.2.0-4-amd64 - x86_64
Compiling the C compiler identification source file "CMakeCCompilerId.c" succeeded.
Compiler: /storage/fbusato/bin/gcc-4.9.2/build/bin/gcc 
Build flags: 
Id flags: 

The output was:
0


Compilation of the C compiler identification source "CMakeCCompilerId.c" produced "a.out"

The C compiler identification is GNU, found in "/storage/fbusato/lib/XLib/build/CMakeFiles/3.2.2/CompilerIdC/a.out"

Compiling the CXX compiler identification source file "CMakeCXXCompilerId.cpp" succeeded.
Compiler: /storage/fbusato/bin/gcc-4.9.2/build/bin/g++ 
Build flags: 
Id flags: 

The output was:
0


Compilation of the CXX compiler identification source "CMakeCXXCompilerId.cpp" produced "a.out"

The CXX compiler identification is GNU, found in "/storage/fbusato/lib/XLib/build/CMakeFiles/3.2.2/CompilerIdCXX/a.out"

Determining if the C compiler works passed with the following output:
Change Dir: /storage/fbusato/lib/XLib/build/CMakeFiles/CMakeTmp

Run Build Command:"/usr/bin/make" "cmTryCompileExec1239584846/fast"
/usr/bin/make -f CMakeFiles/cmTryCompileExec1239584846.dir/build.make CMakeFiles/cmTryCompileExec1239584846.dir/build
make[1]: Entering directory `/storage/fbusato/lib/XLib/build/CMakeFiles/CMakeTmp'
/usr/bin/cmake -E cmake_progress_report /storage/fbusato/lib/XLib/build/CMakeFiles/CMakeTmp/CMakeFiles 1
Building C object CMakeFiles/cmTryCompileExec1239584846.dir/testCCompiler.c.o
/storage/fbusato/bin/gcc-4.9.2/build/bin/gcc    -o CMakeFiles/cmTryCompileExec1239584846.dir/testCCompiler.c.o   -c /storage/fbusato/lib/XLib/build/CMakeFiles/CMakeTmp/testCCompiler.c
Linking C executable cmTryCompileExec1239584846
/usr/bin/cmake -E cmake_link_script CMakeFiles/cmTryCompileExec1239584846.dir/link.txt --verbose=1
/storage/fbusato/bin/gcc-4.9.2/build/bin/gcc       CMakeFiles/cmTryCompileExec1239584846.dir/testCCompiler.c.o  -o cmTryCompileExec1239584846 -rdynamic 
make[1]: Leaving directory `/storage/fbusato/lib/XLib/build/CMakeFiles/CMakeTmp'


Detecting C compiler ABI info compiled with the following output:
Change Dir: /storage/fbusato/lib/XLib/build/CMakeFiles/CMakeTmp

Run Build Command:"/usr/bin/make" "cmTryCompileExec484948464/fast"
/usr/bin/make -f CMakeFiles/cmTryCompileExec484948464.dir/build.make CMakeFiles/cmTryCompileExec484948464.dir/build
make[1]: Entering directory `/storage/fbusato/lib/XLib/build/CMakeFiles/CMakeTmp'
/usr/bin/cmake -E cmake_progress_report /storage/fbusato/lib/XLib/build/CMakeFiles/CMakeTmp/CMakeFiles 1
Building C object CMakeFiles/cmTryCompileExec484948464.dir/CMakeCCompilerABI.c.o
/storage/fbusato/bin/gcc-4.9.2/build/bin/gcc    -o CMakeFiles/cmTryCompileExec484948464.dir/CMakeCCompilerABI.c.o   -c /usr/share/cmake-3.2/Modules/CMakeCCompilerABI.c
Linking C executable cmTryCompileExec484948464
/usr/bin/cmake -E cmake_link_script CMakeFiles/cmTryCompileExec484948464.dir/link.txt --verbose=1
/storage/fbusato/bin/gcc-4.9.2/build/bin/gcc      -v CMakeFiles/cmTryCompileExec484948464.dir/CMakeCCompilerABI.c.o  -o cmTryCompileExec484948464 -rdynamic  
Using built-in specs.
COLLECT_GCC=/storage/fbusato/bin/gcc-4.9.2/build/bin/gcc
COLLECT_LTO_WRAPPER=/storage/fbusato/bin/gcc-4.9.2/build/bin/../libexec/gcc/x86_64-unknown-linux-gnu/4.9.2/lto-wrapper
Target: x86_64-unknown-linux-gnu
Configured with: ./configure --prefix=/storage/fbusato/gcc-4.9.2/build --enable-languages=c,c++ --disable-multilib
Thread model: posix
gcc version 4.9.2 (GCC) 
COMPILER_PATH=/storage/fbusato/bin/gcc-4.9.2/build/bin/../libexec/gcc/x86_64-unknown-linux-gnu/4.9.2/:/storage/fbusato/bin/gcc-4.9.2/build/bin/../libexec/gcc/
LIBRARY_PATH=/storage/fbusato/bin/gcc-4.9.2/build/bin/../lib/gcc/x86_64-unknown-linux-gnu/4.9.2/:/storage/fbusato/bin/gcc-4.9.2/build/bin/../lib/gcc/:/storage/fbusato/bin/gcc-4.9.2/build/bin/../lib/gcc/x86_64-unknown-linux-gnu/4.9.2/../../../../lib64/:/lib/x86_64-linux-gnu/:/lib/../lib64/:/usr/lib/x86_64-linux-gnu/:/usr/lib/../lib64/:/storage/fbusato/bin/gcc-4.9.2/build/bin/../lib/gcc/x86_64-unknown-linux-gnu/4.9.2/../../../:/lib/:/usr/lib/
COLLECT_GCC_OPTIONS='-v' '-o' 'cmTryCompileExec484948464' '-rdynamic' '-mtune=generic' '-march=x86-64'
 /storage/fbusato/bin/gcc-4.9.2/build/bin/../libexec/gcc/x86_64-unknown-linux-gnu/4.9.2/collect2 --eh-frame-hdr -m elf_x86_64 -export-dynamic -dynamic-linker /lib64/ld-linux-x86-64.so.2 -o cmTryCompileExec484948464 /usr/lib/x86_64-linux-gnu/crt1.o /usr/lib/x86_64-linux-gnu/crti.o /storage/fbusato/bin/gcc-4.9.2/build/bin/../lib/gcc/x86_64-unknown-linux-gnu/4.9.2/crtbegin.o -L/storage/fbusato/bin/gcc-4.9.2/build/bin/../lib/gcc/x86_64-unknown-linux-gnu/4.9.2 -L/storage/fbusato/bin/gcc-4.9.2/build/bin/../lib/gcc -L/storage/fbusato/bin/gcc-4.9.2/build/bin/../lib/gcc/x86_64-unknown-linux-gnu/4.9.2/../../../../lib64 -L/lib/x86_64-linux-gnu -L/lib/../lib64 -L/usr/lib/x86_64-linux-gnu -L/usr/lib/../lib64 -L/storage/fbusato/bin/gcc-4.9.2/build/bin/../lib/gcc/x86_64-unknown-linux-gnu/4.9.2/../../.. CMakeFiles/cmTryCompileExec484948464.dir/CMakeCCompilerABI.c.o -lgcc --as-needed -lgcc_s --no-as-needed -lc -lgcc --as-needed -lgcc_s --no-as-needed /storage/fbusato/bin/gcc-4.9.2/build/bin/../lib/gcc/x86_64-unknown-linux-gnu/4.9.2/crtend.o /usr/lib/x86_64-linux-gnu/crtn.o
make[1]: Leaving directory `/storage/fbusato/lib/XLib/build/CMakeFiles/CMakeTmp'


Parsed C implicit link information from above output:
  link line regex: [^( *|.*[/\])(ld|([^/\]+-)?ld|collect2)[^/\]*( |$)]
  ignore line: [Change Dir: /storage/fbusato/lib/XLib/build/CMakeFiles/CMakeTmp]
  ignore line: []
  ignore line: [Run Build Command:"/usr/bin/make" "cmTryCompileExec484948464/fast"]
  ignore line: [/usr/bin/make -f CMakeFiles/cmTryCompileExec484948464.dir/build.make CMakeFiles/cmTryCompileExec484948464.dir/build]
  ignore line: [make[1]: Entering directory `/storage/fbusato/lib/XLib/build/CMakeFiles/CMakeTmp']
  ignore line: [/usr/bin/cmake -E cmake_progress_report /storage/fbusato/lib/XLib/build/CMakeFiles/CMakeTmp/CMakeFiles 1]
  ignore line: [Building C object CMakeFiles/cmTryCompileExec484948464.dir/CMakeCCompilerABI.c.o]
  ignore line: [/storage/fbusato/bin/gcc-4.9.2/build/bin/gcc    -o CMakeFiles/cmTryCompileExec484948464.dir/CMakeCCompilerABI.c.o   -c /usr/share/cmake-3.2/Modules/CMakeCCompilerABI.c]
  ignore line: [Linking C executable cmTryCompileExec484948464]
  ignore line: [/usr/bin/cmake -E cmake_link_script CMakeFiles/cmTryCompileExec484948464.dir/link.txt --verbose=1]
  ignore line: [/storage/fbusato/bin/gcc-4.9.2/build/bin/gcc      -v CMakeFiles/cmTryCompileExec484948464.dir/CMakeCCompilerABI.c.o  -o cmTryCompileExec484948464 -rdynamic  ]
  ignore line: [Using built-in specs.]
  ignore line: [COLLECT_GCC=/storage/fbusato/bin/gcc-4.9.2/build/bin/gcc]
  ignore line: [COLLECT_LTO_WRAPPER=/storage/fbusato/bin/gcc-4.9.2/build/bin/../libexec/gcc/x86_64-unknown-linux-gnu/4.9.2/lto-wrapper]
  ignore line: [Target: x86_64-unknown-linux-gnu]
  ignore line: [Configured with: ./configure --prefix=/storage/fbusato/gcc-4.9.2/build --enable-languages=c,c++ --disable-multilib]
  ignore line: [Thread model: posix]
  ignore line: [gcc version 4.9.2 (GCC) ]
  ignore line: [COMPILER_PATH=/storage/fbusato/bin/gcc-4.9.2/build/bin/../libexec/gcc/x86_64-unknown-linux-gnu/4.9.2/:/storage/fbusato/bin/gcc-4.9.2/build/bin/../libexec/gcc/]
  ignore line: [LIBRARY_PATH=/storage/fbusato/bin/gcc-4.9.2/build/bin/../lib/gcc/x86_64-unknown-linux-gnu/4.9.2/:/storage/fbusato/bin/gcc-4.9.2/build/bin/../lib/gcc/:/storage/fbusato/bin/gcc-4.9.2/build/bin/../lib/gcc/x86_64-unknown-linux-gnu/4.9.2/../../../../lib64/:/lib/x86_64-linux-gnu/:/lib/../lib64/:/usr/lib/x86_64-linux-gnu/:/usr/lib/../lib64/:/storage/fbusato/bin/gcc-4.9.2/build/bin/../lib/gcc/x86_64-unknown-linux-gnu/4.9.2/../../../:/lib/:/usr/lib/]
  ignore line: [COLLECT_GCC_OPTIONS='-v' '-o' 'cmTryCompileExec484948464' '-rdynamic' '-mtune=generic' '-march=x86-64']
  link line: [ /storage/fbusato/bin/gcc-4.9.2/build/bin/../libexec/gcc/x86_64-unknown-linux-gnu/4.9.2/collect2 --eh-frame-hdr -m elf_x86_64 -export-dynamic -dynamic-linker /lib64/ld-linux-x86-64.so.2 -o cmTryCompileExec484948464 /usr/lib/x86_64-linux-gnu/crt1.o /usr/lib/x86_64-linux-gnu/crti.o /storage/fbusato/bin/gcc-4.9.2/build/bin/../lib/gcc/x86_64-unknown-linux-gnu/4.9.2/crtbegin.o -L/storage/fbusato/bin/gcc-4.9.2/build/bin/../lib/gcc/x86_64-unknown-linux-gnu/4.9.2 -L/storage/fbusato/bin/gcc-4.9.2/build/bin/../lib/gcc -L/storage/fbusato/bin/gcc-4.9.2/build/bin/../lib/gcc/x86_64-unknown-linux-gnu/4.9.2/../../../../lib64 -L/lib/x86_64-linux-gnu -L/lib/../lib64 -L/usr/lib/x86_64-linux-gnu -L/usr/lib/../lib64 -L/storage/fbusato/bin/gcc-4.9.2/build/bin/../lib/gcc/x86_64-unknown-linux-gnu/4.9.2/../../.. CMakeFiles/cmTryCompileExec484948464.dir/CMakeCCompilerABI.c.o -lgcc --as-needed -lgcc_s --no-as-needed -lc -lgcc --as-needed -lgcc_s --no-as-needed /storage/fbusato/bin/gcc-4.9.2/build/bin/../lib/gcc/x86_64-unknown-linux-gnu/4.9.2/crtend.o /usr/lib/x86_64-linux-gnu/crtn.o]
    arg [/storage/fbusato/bin/gcc-4.9.2/build/bin/../libexec/gcc/x86_64-unknown-linux-gnu/4.9.2/collect2] ==> ignore
    arg [--eh-frame-hdr] ==> ignore
    arg [-m] ==> ignore
    arg [elf_x86_64] ==> ignore
    arg [-export-dynamic] ==> ignore
    arg [-dynamic-linker] ==> ignore
    arg [/lib64/ld-linux-x86-64.so.2] ==> ignore
    arg [-o] ==> ignore
    arg [cmTryCompileExec484948464] ==> ignore
    arg [/usr/lib/x86_64-linux-gnu/crt1.o] ==> ignore
    arg [/usr/lib/x86_64-linux-gnu/crti.o] ==> ignore
    arg [/storage/fbusato/bin/gcc-4.9.2/build/bin/../lib/gcc/x86_64-unknown-linux-gnu/4.9.2/crtbegin.o] ==> ignore
    arg [-L/storage/fbusato/bin/gcc-4.9.2/build/bin/../lib/gcc/x86_64-unknown-linux-gnu/4.9.2] ==> dir [/storage/fbusato/bin/gcc-4.9.2/build/bin/../lib/gcc/x86_64-unknown-linux-gnu/4.9.2]
    arg [-L/storage/fbusato/bin/gcc-4.9.2/build/bin/../lib/gcc] ==> dir [/storage/fbusato/bin/gcc-4.9.2/build/bin/../lib/gcc]
    arg [-L/storage/fbusato/bin/gcc-4.9.2/build/bin/../lib/gcc/x86_64-unknown-linux-gnu/4.9.2/../../../../lib64] ==> dir [/storage/fbusato/bin/gcc-4.9.2/build/bin/../lib/gcc/x86_64-unknown-linux-gnu/4.9.2/../../../../lib64]
    arg [-L/lib/x86_64-linux-gnu] ==> dir [/lib/x86_64-linux-gnu]
    arg [-L/lib/../lib64] ==> dir [/lib/../lib64]
    arg [-L/usr/lib/x86_64-linux-gnu] ==> dir [/usr/lib/x86_64-linux-gnu]
    arg [-L/usr/lib/../lib64] ==> dir [/usr/lib/../lib64]
    arg [-L/storage/fbusato/bin/gcc-4.9.2/build/bin/../lib/gcc/x86_64-unknown-linux-gnu/4.9.2/../../..] ==> dir [/storage/fbusato/bin/gcc-4.9.2/build/bin/../lib/gcc/x86_64-unknown-linux-gnu/4.9.2/../../..]
    arg [CMakeFiles/cmTryCompileExec484948464.dir/CMakeCCompilerABI.c.o] ==> ignore
    arg [-lgcc] ==> lib [gcc]
    arg [--as-needed] ==> ignore
    arg [-lgcc_s] ==> lib [gcc_s]
    arg [--no-as-needed] ==> ignore
    arg [-lc] ==> lib [c]
    arg [-lgcc] ==> lib [gcc]
    arg [--as-needed] ==> ignore
    arg [-lgcc_s] ==> lib [gcc_s]
    arg [--no-as-needed] ==> ignore
    arg [/storage/fbusato/bin/gcc-4.9.2/build/bin/../lib/gcc/x86_64-unknown-linux-gnu/4.9.2/crtend.o] ==> ignore
    arg [/usr/lib/x86_64-linux-gnu/crtn.o] ==> ignore
  remove lib [gcc]
  remove lib [gcc_s]
  remove lib [gcc]
  remove lib [gcc_s]
  collapse library dir [/storage/fbusato/bin/gcc-4.9.2/build/bin/../lib/gcc/x86_64-unknown-linux-gnu/4.9.2] ==> [/storage/fbusato/bin/gcc-4.9.2/build/lib/gcc/x86_64-unknown-linux-gnu/4.9.2]
  collapse library dir [/storage/fbusato/bin/gcc-4.9.2/build/bin/../lib/gcc] ==> [/storage/fbusato/bin/gcc-4.9.2/build/lib/gcc]
  collapse library dir [/storage/fbusato/bin/gcc-4.9.2/build/bin/../lib/gcc/x86_64-unknown-linux-gnu/4.9.2/../../../../lib64] ==> [/storage/fbusato/bin/gcc-4.9.2/build/lib64]
  collapse library dir [/lib/x86_64-linux-gnu] ==> [/lib/x86_64-linux-gnu]
  collapse library dir [/lib/../lib64] ==> [/lib64]
  collapse library dir [/usr/lib/x86_64-linux-gnu] ==> [/usr/lib/x86_64-linux-gnu]
  collapse library dir [/usr/lib/../lib64] ==> [/usr/lib64]
  collapse library dir [/storage/fbusato/bin/gcc-4.9.2/build/bin/../lib/gcc/x86_64-unknown-linux-gnu/4.9.2/../../..] ==> [/storage/fbusato/bin/gcc-4.9.2/build/lib]
  implicit libs: [c]
  implicit dirs: [/storage/fbusato/bin/gcc-4.9.2/build/lib/gcc/x86_64-unknown-linux-gnu/4.9.2;/storage/fbusato/bin/gcc-4.9.2/build/lib/gcc;/storage/fbusato/bin/gcc-4.9.2/build/lib64;/lib/x86_64-linux-gnu;/lib64;/usr/lib/x86_64-linux-gnu;/usr/lib64;/storage/fbusato/bin/gcc-4.9.2/build/lib]
  implicit fwks: []




Detecting C [-std=c11] compiler features compiled with the following output:
Change Dir: /storage/fbusato/lib/XLib/build/CMakeFiles/CMakeTmp

Run Build Command:"/usr/bin/make" "cmTryCompileExec838874798/fast"
/usr/bin/make -f CMakeFiles/cmTryCompileExec838874798.dir/build.make CMakeFiles/cmTryCompileExec838874798.dir/build
make[1]: Entering directory `/storage/fbusato/lib/XLib/build/CMakeFiles/CMakeTmp'
/usr/bin/cmake -E cmake_progress_report /storage/fbusato/lib/XLib/build/CMakeFiles/CMakeTmp/CMakeFiles 1
Building C object CMakeFiles/cmTryCompileExec838874798.dir/feature_tests.c.o
/storage/fbusato/bin/gcc-4.9.2/build/bin/gcc   -std=c11 -o CMakeFiles/cmTryCompileExec838874798.dir/feature_tests.c.o   -c /storage/fbusato/lib/XLib/build/CMakeFiles/feature_tests.c
Linking C executable cmTryCompileExec838874798
/usr/bin/cmake -E cmake_link_script CMakeFiles/cmTryCompileExec838874798.dir/link.txt --verbose=1
/storage/fbusato/bin/gcc-4.9.2/build/bin/gcc       CMakeFiles/cmTryCompileExec838874798.dir/feature_tests.c.o  -o cmTryCompileExec838874798 -rdynamic 
make[1]: Leaving directory `/storage/fbusato/lib/XLib/build/CMakeFiles/CMakeTmp'


    Feature record: C_FEATURE:1c_function_prototypes
    Feature record: C_FEATURE:1c_restrict
    Feature record: C_FEATURE:1c_static_assert
    Feature record: C_FEATURE:1c_variadic_macros


Detecting C [-std=c99] compiler features compiled with the following output:
Change Dir: /storage/fbusato/lib/XLib/build/CMakeFiles/CMakeTmp

Run Build Command:"/usr/bin/make" "cmTryCompileExec3009912313/fast"
/usr/bin/make -f CMakeFiles/cmTryCompileExec3009912313.dir/build.make CMakeFiles/cmTryCompileExec3009912313.dir/build
make[1]: Entering directory `/storage/fbusato/lib/XLib/build/CMakeFiles/CMakeTmp'
/usr/bin/cmake -E cmake_progress_report /storage/fbusato/lib/XLib/build/CMakeFiles/CMakeTmp/CMakeFiles 1
Building C object CMakeFiles/cmTryCompileExec3009912313.dir/feature_tests.c.o
/storage/fbusato/bin/gcc-4.9.2/build/bin/gcc   -std=c99 -o CMakeFiles/cmTryCompileExec3009912313.dir/feature_tests.c.o   -c /storage/fbusato/lib/XLib/build/CMakeFiles/feature_tests.c
Linking C executable cmTryCompileExec3009912313
/usr/bin/cmake -E cmake_link_script CMakeFiles/cmTryCompileExec3009912313.dir/link.txt --verbose=1
/storage/fbusato/bin/gcc-4.9.2/build/bin/gcc       CMakeFiles/cmTryCompileExec3009912313.dir/feature_tests.c.o  -o cmTryCompileExec3009912313 -rdynamic 
make[1]: Leaving directory `/storage/fbusato/lib/XLib/build/CMakeFiles/CMakeTmp'


    Feature record: C_FEATURE:1c_function_prototypes
    Feature record: C_FEATURE:1c_restrict
    Feature record: C_FEATURE:0c_static_assert
    Feature record: C_FEATURE:1c_variadic_macros


Detecting C [-std=c90] compiler features compiled with the following output:
Change Dir: /storage/fbusato/lib/XLib/build/CMakeFiles/CMakeTmp

Run Build Command:"/usr/bin/make" "cmTryCompileExec2495873209/fast"
/usr/bin/make -f CMakeFiles/cmTryCompileExec2495873209.dir/build.make CMakeFiles/cmTryCompileExec2495873209.dir/build
make[1]: Entering directory `/storage/fbusato/lib/XLib/build/CMakeFiles/CMakeTmp'
/usr/bin/cmake -E cmake_progress_report /storage/fbusato/lib/XLib/build/CMakeFiles/CMakeTmp/CMakeFiles 1
Building C object CMakeFiles/cmTryCompileExec2495873209.dir/feature_tests.c.o
/storage/fbusato/bin/gcc-4.9.2/build/bin/gcc   -std=c90 -o CMakeFiles/cmTryCompileExec2495873209.dir/feature_tests.c.o   -c /storage/fbusato/lib/XLib/build/CMakeFiles/feature_tests.c
Linking C executable cmTryCompileExec2495873209
/usr/bin/cmake -E cmake_link_script CMakeFiles/cmTryCompileExec2495873209.dir/link.txt --verbose=1
/storage/fbusato/bin/gcc-4.9.2/build/bin/gcc       CMakeFiles/cmTryCompileExec2495873209.dir/feature_tests.c.o  -o cmTryCompileExec2495873209 -rdynamic 
make[1]: Leaving directory `/storage/fbusato/lib/XLib/build/CMakeFiles/CMakeTmp'


    Feature record: C_FEATURE:1c_function_prototypes
    Feature record: C_FEATURE:0c_restrict
    Feature record: C_FEATURE:0c_static_assert
    Feature record: C_FEATURE:0c_variadic_macros
Determining if the CXX compiler works passed with the following output:
Change Dir: /storage/fbusato/lib/XLib/build/CMakeFiles/CMakeTmp

Run Build Command:"/usr/bin/make" "cmTryCompileExec1418948045/fast"
/usr/bin/make -f CMakeFiles/cmTryCompileExec1418948045.dir/build.make CMakeFiles/cmTryCompileExec1418948045.dir/build
make[1]: Entering directory `/storage/fbusato/lib/XLib/build/CMakeFiles/CMakeTmp'
/usr/bin/cmake -E cmake_progress_report /storage/fbusato/lib/XLib/build/CMakeFiles/CMakeTmp/CMakeFiles 1
Building CXX object CMakeFiles/cmTryCompileExec1418948045.dir/testCXXCompiler.cxx.o
/storage/fbusato/bin/gcc-4.9.2/build/bin/g++     -o CMakeFiles/cmTryCompileExec1418948045.dir/testCXXCompiler.cxx.o -c /storage/fbusato/lib/XLib/build/CMakeFiles/CMakeTmp/testCXXCompiler.cxx
Linking CXX executable cmTryCompileExec1418948045
/usr/bin/cmake -E cmake_link_script CMakeFiles/cmTryCompileExec1418948045.dir/link.txt --verbose=1
/storage/fbusato/bin/gcc-4.9.2/build/bin/g++        CMakeFiles/cmTryCompileExec1418948045.dir/testCXXCompiler.cxx.o  -o cmTryCompileExec1418948045 -rdynamic 
make[1]: Leaving directory `/storage/fbusato/lib/XLib/build/CMakeFiles/CMakeTmp'


Detecting CXX compiler ABI info compiled with the following output:
Change Dir: /storage/fbusato/lib/XLib/build/CMakeFiles/CMakeTmp

Run Build Command:"/usr/bin/make" "cmTryCompileExec2491441237/fast"
/usr/bin/make -f CMakeFiles/cmTryCompileExec2491441237.dir/build.make CMakeFiles/cmTryCompileExec2491441237.dir/build
make[1]: Entering directory `/storage/fbusato/lib/XLib/build/CMakeFiles/CMakeTmp'
/usr/bin/cmake -E cmake_progress_report /storage/fbusato/lib/XLib/build/CMakeFiles/CMakeTmp/CMakeFiles 1
Building CXX object CMakeFiles/cmTryCompileExec2491441237.dir/CMakeCXXCompilerABI.cpp.o
/storage/fbusato/bin/gcc-4.9.2/build/bin/g++     -o CMakeFiles/cmTryCompileExec2491441237.dir/CMakeCXXCompilerABI.cpp.o -c /usr/share/cmake-3.2/Modules/CMakeCXXCompilerABI.cpp
Linking CXX executable cmTryCompileExec2491441237
/usr/bin/cmake -E cmake_link_script CMakeFiles/cmTryCompileExec2491441237.dir/link.txt --verbose=1
/storage/fbusato/bin/gcc-4.9.2/build/bin/g++       -v CMakeFiles/cmTryCompileExec2491441237.dir/CMakeCXXCompilerABI.cpp.o  -o cmTryCompileExec2491441237 -rdynamic  
Using built-in specs.
COLLECT_GCC=/storage/fbusato/bin/gcc-4.9.2/build/bin/g++
COLLECT_LTO_WRAPPER=/storage/fbusato/bin/gcc-4.9.2/build/bin/../libexec/gcc/x86_64-unknown-linux-gnu/4.9.2/lto-wrapper
Target: x86_64-unknown-linux-gnu
Configured with: ./configure --prefix=/storage/fbusato/gcc-4.9.2/build --enable-languages=c,c++ --disable-multilib
Thread model: posix
gcc version 4.9.2 (GCC) 
COMPILER_PATH=/storage/fbusato/bin/gcc-4.9.2/build/bin/../libexec/gcc/x86_64-unknown-linux-gnu/4.9.2/:/storage/fbusato/bin/gcc-4.9.2/build/bin/../libexec/gcc/
LIBRARY_PATH=/storage/fbusato/bin/gcc-4.9.2/build/bin/../lib/gcc/x86_64-unknown-linux-gnu/4.9.2/:/storage/fbusato/bin/gcc-4.9.2/build/bin/../lib/gcc/:/storage/fbusato/bin/gcc-4.9.2/build/bin/../lib/gcc/x86_64-unknown-linux-gnu/4.9.2/../../../../lib64/:/lib/x86_64-linux-gnu/:/lib/../lib64/:/usr/lib/x86_64-linux-gnu/:/usr/lib/../lib64/:/storage/fbusato/bin/gcc-4.9.2/build/bin/../lib/gcc/x86_64-unknown-linux-gnu/4.9.2/../../../:/lib/:/usr/lib/
COLLECT_GCC_OPTIONS='-v' '-o' 'cmTryCompileExec2491441237' '-rdynamic' '-shared-libgcc' '-mtune=generic' '-march=x86-64'
 /storage/fbusato/bin/gcc-4.9.2/build/bin/../libexec/gcc/x86_64-unknown-linux-gnu/4.9.2/collect2 --eh-frame-hdr -m elf_x86_64 -export-dynamic -dynamic-linker /lib64/ld-linux-x86-64.so.2 -o cmTryCompileExec2491441237 /usr/lib/x86_64-linux-gnu/crt1.o /usr/lib/x86_64-linux-gnu/crti.o /storage/fbusato/bin/gcc-4.9.2/build/bin/../lib/gcc/x86_64-unknown-linux-gnu/4.9.2/crtbegin.o -L/storage/fbusato/bin/gcc-4.9.2/build/bin/../lib/gcc/x86_64-unknown-linux-gnu/4.9.2 -L/storage/fbusato/bin/gcc-4.9.2/build/bin/../lib/gcc -L/storage/fbusato/bin/gcc-4.9.2/build/bin/../lib/gcc/x86_64-unknown-linux-gnu/4.9.2/../../../../lib64 -L/lib/x86_64-linux-gnu -L/lib/../lib64 -L/usr/lib/x86_64-linux-gnu -L/usr/lib/../lib64 -L/storage/fbusato/bin/gcc-4.9.2/build/bin/../lib/gcc/x86_64-unknown-linux-gnu/4.9.2/../../.. CMakeFiles/cmTryCompileExec2491441237.dir/CMakeCXXCompilerABI.cpp.o -lstdc++ -lm -lgcc_s -lgcc -lc -lgcc_s -lgcc /storage/fbusato/bin/gcc-4.9.2/build/bin/../lib/gcc/x86_64-unknown-linux-gnu/4.9.2/crtend.o /usr/lib/x86_64-linux-gnu/crtn.o
make[1]: Leaving directory `/storage/fbusato/lib/XLib/build/CMakeFiles/CMakeTmp'


Parsed CXX implicit link information from above output:
  link line regex: [^( *|.*[/\])(ld|([^/\]+-)?ld|collect2)[^/\]*( |$)]
  ignore line: [Change Dir: /storage/fbusato/lib/XLib/build/CMakeFiles/CMakeTmp]
  ignore line: []
  ignore line: [Run Build Command:"/usr/bin/make" "cmTryCompileExec2491441237/fast"]
  ignore line: [/usr/bin/make -f CMakeFiles/cmTryCompileExec2491441237.dir/build.make CMakeFiles/cmTryCompileExec2491441237.dir/build]
  ignore line: [make[1]: Entering directory `/storage/fbusato/lib/XLib/build/CMakeFiles/CMakeTmp']
  ignore line: [/usr/bin/cmake -E cmake_progress_report /storage/fbusato/lib/XLib/build/CMakeFiles/CMakeTmp/CMakeFiles 1]
  ignore line: [Building CXX object CMakeFiles/cmTryCompileExec2491441237.dir/CMakeCXXCompilerABI.cpp.o]
  ignore line: [/storage/fbusato/bin/gcc-4.9.2/build/bin/g++     -o CMakeFiles/cmTryCompileExec2491441237.dir/CMakeCXXCompilerABI.cpp.o -c /usr/share/cmake-3.2/Modules/CMakeCXXCompilerABI.cpp]
  ignore line: [Linking CXX executable cmTryCompileExec2491441237]
  ignore line: [/usr/bin/cmake -E cmake_link_script CMakeFiles/cmTryCompileExec2491441237.dir/link.txt --verbose=1]
  ignore line: [/storage/fbusato/bin/gcc-4.9.2/build/bin/g++       -v CMakeFiles/cmTryCompileExec2491441237.dir/CMakeCXXCompilerABI.cpp.o  -o cmTryCompileExec2491441237 -rdynamic  ]
  ignore line: [Using built-in specs.]
  ignore line: [COLLECT_GCC=/storage/fbusato/bin/gcc-4.9.2/build/bin/g++]
  ignore line: [COLLECT_LTO_WRAPPER=/storage/fbusato/bin/gcc-4.9.2/build/bin/../libexec/gcc/x86_64-unknown-linux-gnu/4.9.2/lto-wrapper]
  ignore line: [Target: x86_64-unknown-linux-gnu]
  ignore line: [Configured with: ./configure --prefix=/storage/fbusato/gcc-4.9.2/build --enable-languages=c,c++ --disable-multilib]
  ignore line: [Thread model: posix]
  ignore line: [gcc version 4.9.2 (GCC) ]
  ignore line: [COMPILER_PATH=/storage/fbusato/bin/gcc-4.9.2/build/bin/../libexec/gcc/x86_64-unknown-linux-gnu/4.9.2/:/storage/fbusato/bin/gcc-4.9.2/build/bin/../libexec/gcc/]
  ignore line: [LIBRARY_PATH=/storage/fbusato/bin/gcc-4.9.2/build/bin/../lib/gcc/x86_64-unknown-linux-gnu/4.9.2/:/storage/fbusato/bin/gcc-4.9.2/build/bin/../lib/gcc/:/storage/fbusato/bin/gcc-4.9.2/build/bin/../lib/gcc/x86_64-unknown-linux-gnu/4.9.2/../../../../lib64/:/lib/x86_64-linux-gnu/:/lib/../lib64/:/usr/lib/x86_64-linux-gnu/:/usr/lib/../lib64/:/storage/fbusato/bin/gcc-4.9.2/build/bin/../lib/gcc/x86_64-unknown-linux-gnu/4.9.2/../../../:/lib/:/usr/lib/]
  ignore line: [COLLECT_GCC_OPTIONS='-v' '-o' 'cmTryCompileExec2491441237' '-rdynamic' '-shared-libgcc' '-mtune=generic' '-march=x86-64']
  link line: [ /storage/fbusato/bin/gcc-4.9.2/build/bin/../libexec/gcc/x86_64-unknown-linux-gnu/4.9.2/collect2 --eh-frame-hdr -m elf_x86_64 -export-dynamic -dynamic-linker /lib64/ld-linux-x86-64.so.2 -o cmTryCompileExec2491441237 /usr/lib/x86_64-linux-gnu/crt1.o /usr/lib/x86_64-linux-gnu/crti.o /storage/fbusato/bin/gcc-4.9.2/build/bin/../lib/gcc/x86_64-unknown-linux-gnu/4.9.2/crtbegin.o -L/storage/fbusato/bin/gcc-4.9.2/build/bin/../lib/gcc/x86_64-unknown-linux-gnu/4.9.2 -L/storage/fbusato/bin/gcc-4.9.2/build/bin/../lib/gcc -L/storage/fbusato/bin/gcc-4.9.2/build/bin/../lib/gcc/x86_64-unknown-linux-gnu/4.9.2/../../../../lib64 -L/lib/x86_64-linux-gnu -L/lib/../lib64 -L/usr/lib/x86_64-linux-gnu -L/usr/lib/../lib64 -L/storage/fbusato/bin/gcc-4.9.2/build/bin/../lib/gcc/x86_64-unknown-linux-gnu/4.9.2/../../.. CMakeFiles/cmTryCompileExec2491441237.dir/CMakeCXXCompilerABI.cpp.o -lstdc++ -lm -lgcc_s -lgcc -lc -lgcc_s -lgcc /storage/fbusato/bin/gcc-4.9.2/build/bin/../lib/gcc/x86_64-unknown-linux-gnu/4.9.2/crtend.o /usr/lib/x86_64-linux-gnu/crtn.o]
    arg [/storage/fbusato/bin/gcc-4.9.2/build/bin/../libexec/gcc/x86_64-unknown-linux-gnu/4.9.2/collect2] ==> ignore
    arg [--eh-frame-hdr] ==> ignore
    arg [-m] ==> ignore
    arg [elf_x86_64] ==> ignore
    arg [-export-dynamic] ==> ignore
    arg [-dynamic-linker] ==> ignore
    arg [/lib64/ld-linux-x86-64.so.2] ==> ignore
    arg [-o] ==> ignore
    arg [cmTryCompileExec2491441237] ==> ignore
    arg [/usr/lib/x86_64-linux-gnu/crt1.o] ==> ignore
    arg [/usr/lib/x86_64-linux-gnu/crti.o] ==> ignore
    arg [/storage/fbusato/bin/gcc-4.9.2/build/bin/../lib/gcc/x86_64-unknown-linux-gnu/4.9.2/crtbegin.o] ==> ignore
    arg [-L/storage/fbusato/bin/gcc-4.9.2/build/bin/../lib/gcc/x86_64-unknown-linux-gnu/4.9.2] ==> dir [/storage/fbusato/bin/gcc-4.9.2/build/bin/../lib/gcc/x86_64-unknown-linux-gnu/4.9.2]
    arg [-L/storage/fbusato/bin/gcc-4.9.2/build/bin/../lib/gcc] ==> dir [/storage/fbusato/bin/gcc-4.9.2/build/bin/../lib/gcc]
    arg [-L/storage/fbusato/bin/gcc-4.9.2/build/bin/../lib/gcc/x86_64-unknown-linux-gnu/4.9.2/../../../../lib64] ==> dir [/storage/fbusato/bin/gcc-4.9.2/build/bin/../lib/gcc/x86_64-unknown-linux-gnu/4.9.2/../../../../lib64]
    arg [-L/lib/x86_64-linux-gnu] ==> dir [/lib/x86_64-linux-gnu]
    arg [-L/lib/../lib64] ==> dir [/lib/../lib64]
    arg [-L/usr/lib/x86_64-linux-gnu] ==> dir [/usr/lib/x86_64-linux-gnu]
    arg [-L/usr/lib/../lib64] ==> dir [/usr/lib/../lib64]
    arg [-L/storage/fbusato/bin/gcc-4.9.2/build/bin/../lib/gcc/x86_64-unknown-linux-gnu/4.9.2/../../..] ==> dir [/storage/fbusato/bin/gcc-4.9.2/build/bin/../lib/gcc/x86_64-unknown-linux-gnu/4.9.2/../../..]
    arg [CMakeFiles/cmTryCompileExec2491441237.dir/CMakeCXXCompilerABI.cpp.o] ==> ignore
    arg [-lstdc++] ==> lib [stdc++]
    arg [-lm] ==> lib [m]
    arg [-lgcc_s] ==> lib [gcc_s]
    arg [-lgcc] ==> lib [gcc]
    arg [-lc] ==> lib [c]
    arg [-lgcc_s] ==> lib [gcc_s]
    arg [-lgcc] ==> lib [gcc]
    arg [/storage/fbusato/bin/gcc-4.9.2/build/bin/../lib/gcc/x86_64-unknown-linux-gnu/4.9.2/crtend.o] ==> ignore
    arg [/usr/lib/x86_64-linux-gnu/crtn.o] ==> ignore
  remove lib [gcc_s]
  remove lib [gcc]
  remove lib [gcc_s]
  remove lib [gcc]
  collapse library dir [/storage/fbusato/bin/gcc-4.9.2/build/bin/../lib/gcc/x86_64-unknown-linux-gnu/4.9.2] ==> [/storage/fbusato/bin/gcc-4.9.2/build/lib/gcc/x86_64-unknown-linux-gnu/4.9.2]
  collapse library dir [/storage/fbusato/bin/gcc-4.9.2/build/bin/../lib/gcc] ==> [/storage/fbusato/bin/gcc-4.9.2/build/lib/gcc]
  collapse library dir [/storage/fbusato/bin/gcc-4.9.2/build/bin/../lib/gcc/x86_64-unknown-linux-gnu/4.9.2/../../../../lib64] ==> [/storage/fbusato/bin/gcc-4.9.2/build/lib64]
  collapse library dir [/lib/x86_64-linux-gnu] ==> [/lib/x86_64-linux-gnu]
  collapse library dir [/lib/../lib64] ==> [/lib64]
  collapse library dir [/usr/lib/x86_64-linux-gnu] ==> [/usr/lib/x86_64-linux-gnu]
  collapse library dir [/usr/lib/../lib64] ==> [/usr/lib64]
  collapse library dir [/storage/fbusato/bin/gcc-4.9.2/build/bin/../lib/gcc/x86_64-unknown-linux-gnu/4.9.2/../../..] ==> [/storage/fbusato/bin/gcc-4.9.2/build/lib]
  implicit libs: [stdc++;m;c]
  implicit dirs: [/storage/fbusato/bin/gcc-4.9.2/build/lib/gcc/x86_64-unknown-linux-gnu/4.9.2;/storage/fbusato/bin/gcc-4.9.2/build/lib/gcc;/storage/fbusato/bin/gcc-4.9.2/build/lib64;/lib/x86_64-linux-gnu;/lib64;/usr/lib/x86_64-linux-gnu;/usr/lib64;/storage/fbusato/bin/gcc-4.9.2/build/lib]
  implicit fwks: []




Detecting CXX [-std=c++14] compiler features compiled with the following output:
Change Dir: /storage/fbusato/lib/XLib/build/CMakeFiles/CMakeTmp

Run Build Command:"/usr/bin/make" "cmTryCompileExec4286845524/fast"
/usr/bin/make -f CMakeFiles/cmTryCompileExec4286845524.dir/build.make CMakeFiles/cmTryCompileExec4286845524.dir/build
make[1]: Entering directory `/storage/fbusato/lib/XLib/build/CMakeFiles/CMakeTmp'
/usr/bin/cmake -E cmake_progress_report /storage/fbusato/lib/XLib/build/CMakeFiles/CMakeTmp/CMakeFiles 1
Building CXX object CMakeFiles/cmTryCompileExec4286845524.dir/feature_tests.cxx.o
/storage/fbusato/bin/gcc-4.9.2/build/bin/g++    -std=c++14 -o CMakeFiles/cmTryCompileExec4286845524.dir/feature_tests.cxx.o -c /storage/fbusato/lib/XLib/build/CMakeFiles/feature_tests.cxx
Linking CXX executable cmTryCompileExec4286845524
/usr/bin/cmake -E cmake_link_script CMakeFiles/cmTryCompileExec4286845524.dir/link.txt --verbose=1
/storage/fbusato/bin/gcc-4.9.2/build/bin/g++        CMakeFiles/cmTryCompileExec4286845524.dir/feature_tests.cxx.o  -o cmTryCompileExec4286845524 -rdynamic 
make[1]: Leaving directory `/storage/fbusato/lib/XLib/build/CMakeFiles/CMakeTmp'


    Feature record: CXX_FEATURE:0cxx_aggregate_default_initializers
    Feature record: CXX_FEATURE:1cxx_alias_templates
    Feature record: CXX_FEATURE:1cxx_alignas
    Feature record: CXX_FEATURE:1cxx_alignof
    Feature record: CXX_FEATURE:1cxx_attributes
    Feature record: CXX_FEATURE:1cxx_attribute_deprecated
    Feature record: CXX_FEATURE:1cxx_auto_type
    Feature record: CXX_FEATURE:1cxx_binary_literals
    Feature record: CXX_FEATURE:1cxx_constexpr
    Feature record: CXX_FEATURE:1cxx_contextual_conversions
    Feature record: CXX_FEATURE:1cxx_decltype
    Feature record: CXX_FEATURE:1cxx_decltype_auto
    Feature record: CXX_FEATURE:1cxx_decltype_incomplete_return_types
    Feature record: CXX_FEATURE:1cxx_default_function_template_args
    Feature record: CXX_FEATURE:1cxx_defaulted_functions
    Feature record: CXX_FEATURE:1cxx_defaulted_move_initializers
    Feature record: CXX_FEATURE:1cxx_delegating_constructors
    Feature record: CXX_FEATURE:1cxx_deleted_functions
    Feature record: CXX_FEATURE:1cxx_digit_separators
    Feature record: CXX_FEATURE:1cxx_enum_forward_declarations
    Feature record: CXX_FEATURE:1cxx_explicit_conversions
    Feature record: CXX_FEATURE:1cxx_extended_friend_declarations
    Feature record: CXX_FEATURE:1cxx_extern_templates
    Feature record: CXX_FEATURE:1cxx_final
    Feature record: CXX_FEATURE:1cxx_func_identifier
    Feature record: CXX_FEATURE:1cxx_generalized_initializers
    Feature record: CXX_FEATURE:1cxx_generic_lambdas
    Feature record: CXX_FEATURE:1cxx_inheriting_constructors
    Feature record: CXX_FEATURE:1cxx_inline_namespaces
    Feature record: CXX_FEATURE:1cxx_lambdas
    Feature record: CXX_FEATURE:1cxx_lambda_init_captures
    Feature record: CXX_FEATURE:1cxx_local_type_template_args
    Feature record: CXX_FEATURE:1cxx_long_long_type
    Feature record: CXX_FEATURE:1cxx_noexcept
    Feature record: CXX_FEATURE:1cxx_nonstatic_member_init
    Feature record: CXX_FEATURE:1cxx_nullptr
    Feature record: CXX_FEATURE:1cxx_override
    Feature record: CXX_FEATURE:1cxx_range_for
    Feature record: CXX_FEATURE:1cxx_raw_string_literals
    Feature record: CXX_FEATURE:1cxx_reference_qualified_functions
    Feature record: CXX_FEATURE:0cxx_relaxed_constexpr
    Feature record: CXX_FEATURE:1cxx_return_type_deduction
    Feature record: CXX_FEATURE:1cxx_right_angle_brackets
    Feature record: CXX_FEATURE:1cxx_rvalue_references
    Feature record: CXX_FEATURE:1cxx_sizeof_member
    Feature record: CXX_FEATURE:1cxx_static_assert
    Feature record: CXX_FEATURE:1cxx_strong_enums
    Feature record: CXX_FEATURE:1cxx_template_template_parameters
    Feature record: CXX_FEATURE:1cxx_thread_local
    Feature record: CXX_FEATURE:1cxx_trailing_return_types
    Feature record: CXX_FEATURE:1cxx_unicode_literals
    Feature record: CXX_FEATURE:1cxx_uniform_initialization
    Feature record: CXX_FEATURE:1cxx_unrestricted_unions
    Feature record: CXX_FEATURE:1cxx_user_literals
    Feature record: CXX_FEATURE:0cxx_variable_templates
    Feature record: CXX_FEATURE:1cxx_variadic_macros
    Feature record: CXX_FEATURE:1cxx_variadic_templates


Detecting CXX [-std=c++11] compiler features compiled with the following output:
Change Dir: /storage/fbusato/lib/XLib/build/CMakeFiles/CMakeTmp

Run Build Command:"/usr/bin/make" "cmTryCompileExec1992898285/fast"
/usr/bin/make -f CMakeFiles/cmTryCompileExec1992898285.dir/build.make CMakeFiles/cmTryCompileExec1992898285.dir/build
make[1]: Entering directory `/storage/fbusato/lib/XLib/build/CMakeFiles/CMakeTmp'
/usr/bin/cmake -E cmake_progress_report /storage/fbusato/lib/XLib/build/CMakeFiles/CMakeTmp/CMakeFiles 1
Building CXX object CMakeFiles/cmTryCompileExec1992898285.dir/feature_tests.cxx.o
/storage/fbusato/bin/gcc-4.9.2/build/bin/g++    -std=c++11 -o CMakeFiles/cmTryCompileExec1992898285.dir/feature_tests.cxx.o -c /storage/fbusato/lib/XLib/build/CMakeFiles/feature_tests.cxx
Linking CXX executable cmTryCompileExec1992898285
/usr/bin/cmake -E cmake_link_script CMakeFiles/cmTryCompileExec1992898285.dir/link.txt --verbose=1
/storage/fbusato/bin/gcc-4.9.2/build/bin/g++        CMakeFiles/cmTryCompileExec1992898285.dir/feature_tests.cxx.o  -o cmTryCompileExec1992898285 -rdynamic 
make[1]: Leaving directory `/storage/fbusato/lib/XLib/build/CMakeFiles/CMakeTmp'


    Feature record: CXX_FEATURE:0cxx_aggregate_default_initializers
    Feature record: CXX_FEATURE:1cxx_alias_templates
    Feature record: CXX_FEATURE:1cxx_alignas
    Feature record: CXX_FEATURE:1cxx_alignof
    Feature record: CXX_FEATURE:1cxx_attributes
    Feature record: CXX_FEATURE:0cxx_attribute_deprecated
    Feature record: CXX_FEATURE:1cxx_auto_type
    Feature record: CXX_FEATURE:0cxx_binary_literals
    Feature record: CXX_FEATURE:1cxx_constexpr
    Feature record: CXX_FEATURE:0cxx_contextual_conversions
    Feature record: CXX_FEATURE:1cxx_decltype
    Feature record: CXX_FEATURE:0cxx_decltype_auto
    Feature record: CXX_FEATURE:1cxx_decltype_incomplete_return_types
    Feature record: CXX_FEATURE:1cxx_default_function_template_args
    Feature record: CXX_FEATURE:1cxx_defaulted_functions
    Feature record: CXX_FEATURE:1cxx_defaulted_move_initializers
    Feature record: CXX_FEATURE:1cxx_delegating_constructors
    Feature record: CXX_FEATURE:1cxx_deleted_functions
    Feature record: CXX_FEATURE:0cxx_digit_separators
    Feature record: CXX_FEATURE:1cxx_enum_forward_declarations
    Feature record: CXX_FEATURE:1cxx_explicit_conversions
    Feature record: CXX_FEATURE:1cxx_extended_friend_declarations
    Feature record: CXX_FEATURE:1cxx_extern_templates
    Feature record: CXX_FEATURE:1cxx_final
    Feature record: CXX_FEATURE:1cxx_func_identifier
    Feature record: CXX_FEATURE:1cxx_generalized_initializers
    Feature record: CXX_FEATURE:0cxx_generic_lambdas
    Feature record: CXX_FEATURE:1cxx_inheriting_constructors
    Feature record: CXX_FEATURE:1cxx_inline_namespaces
    Feature record: CXX_FEATURE:1cxx_lambdas
    Feature record: CXX_FEATURE:0cxx_lambda_init_captures
    Feature record: CXX_FEATURE:1cxx_local_type_template_args
    Feature record: CXX_FEATURE:1cxx_long_long_type
    Feature record: CXX_FEATURE:1cxx_noexcept
    Feature record: CXX_FEATURE:1cxx_nonstatic_member_init
    Feature record: CXX_FEATURE:1cxx_nullptr
    Feature record: CXX_FEATURE:1cxx_override
    Feature record: CXX_FEATURE:1cxx_range_for
    Feature record: CXX_FEATURE:1cxx_raw_string_literals
    Feature record: CXX_FEATURE:1cxx_reference_qualified_functions
    Feature record: CXX_FEATURE:0cxx_relaxed_constexpr
    Feature record: CXX_FEATURE:0cxx_return_type_deduction
    Feature record: CXX_FEATURE:1cxx_right_angle_brackets
    Feature record: CXX_FEATURE:1cxx_rvalue_references
    Feature record: CXX_FEATURE:1cxx_sizeof_member
    Feature record: CXX_FEATURE:1cxx_static_assert
    Feature record: CXX_FEATURE:1cxx_strong_enums
    Feature record: CXX_FEATURE:1cxx_template_template_parameters
    Feature record: CXX_FEATURE:1cxx_thread_local
    Feature record: CXX_FEATURE:1cxx_trailing_return_types
    Feature record: CXX_FEATURE:1cxx_unicode_literals
    Feature record: CXX_FEATURE:1cxx_uniform_initialization
    Feature record: CXX_FEATURE:1cxx_unrestricted_unions
    Feature record: CXX_FEATURE:1cxx_user_literals
    Feature record: CXX_FEATURE:0cxx_variable_templates
    Feature record: CXX_FEATURE:1cxx_variadic_macros
    Feature record: CXX_FEATURE:1cxx_variadic_templates


Detecting CXX [-std=c++98] compiler features compiled with the following output:
Change Dir: /storage/fbusato/lib/XLib/build/CMakeFiles/CMakeTmp

Run Build Command:"/usr/bin/make" "cmTryCompileExec588518839/fast"
/usr/bin/make -f CMakeFiles/cmTryCompileExec588518839.dir/build.make CMakeFiles/cmTryCompileExec588518839.dir/build
make[1]: Entering directory `/storage/fbusato/lib/XLib/build/CMakeFiles/CMakeTmp'
/usr/bin/cmake -E cmake_progress_report /storage/fbusato/lib/XLib/build/CMakeFiles/CMakeTmp/CMakeFiles 1
Building CXX object CMakeFiles/cmTryCompileExec588518839.dir/feature_tests.cxx.o
/storage/fbusato/bin/gcc-4.9.2/build/bin/g++    -std=c++98 -o CMakeFiles/cmTryCompileExec588518839.dir/feature_tests.cxx.o -c /storage/fbusato/lib/XLib/build/CMakeFiles/feature_tests.cxx
Linking CXX executable cmTryCompileExec588518839
/usr/bin/cmake -E cmake_link_script CMakeFiles/cmTryCompileExec588518839.dir/link.txt --verbose=1
/storage/fbusato/bin/gcc-4.9.2/build/bin/g++        CMakeFiles/cmTryCompileExec588518839.dir/feature_tests.cxx.o  -o cmTryCompileExec588518839 -rdynamic 
make[1]: Leaving directory `/storage/fbusato/lib/XLib/build/CMakeFiles/CMakeTmp'


    Feature record: CXX_FEATURE:0cxx_aggregate_default_initializers
    Feature record: CXX_FEATURE:0cxx_alias_templates
    Feature record: CXX_FEATURE:0cxx_alignas
    Feature record: CXX_FEATURE:0cxx_alignof
    Feature record: CXX_FEATURE:0cxx_attributes
    Feature record: CXX_FEATURE:0cxx_attribute_deprecated
    Feature record: CXX_FEATURE:0cxx_auto_type
    Feature record: CXX_FEATURE:0cxx_binary_literals
    Feature record: CXX_FEATURE:0cxx_constexpr
    Feature record: CXX_FEATURE:0cxx_contextual_conversions
    Feature record: CXX_FEATURE:0cxx_decltype
    Feature record: CXX_FEATURE:0cxx_decltype_auto
    Feature record: CXX_FEATURE:0cxx_decltype_incomplete_return_types
    Feature record: CXX_FEATURE:0cxx_default_function_template_args
    Feature record: CXX_FEATURE:0cxx_defaulted_functions
    Feature record: CXX_FEATURE:0cxx_defaulted_move_initializers
    Feature record: CXX_FEATURE:0cxx_delegating_constructors
    Feature record: CXX_FEATURE:0cxx_deleted_functions
    Feature record: CXX_FEATURE:0cxx_digit_separators
    Feature record: CXX_FEATURE:0cxx_enum_forward_declarations
    Feature record: CXX_FEATURE:0cxx_explicit_conversions
    Feature record: CXX_FEATURE:0cxx_extended_friend_declarations
    Feature record: CXX_FEATURE:0cxx_extern_templates
    Feature record: CXX_FEATURE:0cxx_final
    Feature record: CXX_FEATURE:0cxx_func_identifier
    Feature record: CXX_FEATURE:0cxx_generalized_initializers
    Feature record: CXX_FEATURE:0cxx_generic_lambdas
    Feature record: CXX_FEATURE:0cxx_inheriting_constructors
    Feature record: CXX_FEATURE:0cxx_inline_namespaces
    Feature record: CXX_FEATURE:0cxx_lambdas
    Feature record: CXX_FEATURE:0cxx_lambda_init_captures
    Feature record: CXX_FEATURE:0cxx_local_type_template_args
    Feature record: CXX_FEATURE:0cxx_long_long_type
    Feature record: CXX_FEATURE:0cxx_noexcept
    Feature record: CXX_FEATURE:0cxx_nonstatic_member_init
    Feature record: CXX_FEATURE:0cxx_nullptr
    Feature record: CXX_FEATURE:0cxx_override
    Feature record: CXX_FEATURE:0cxx_range_for
    Feature record: CXX_FEATURE:0cxx_raw_string_literals
    Feature record: CXX_FEATURE:0cxx_reference_qualified_functions
    Feature record: CXX_FEATURE:0cxx_relaxed_constexpr
    Feature record: CXX_FEATURE:0cxx_return_type_deduction
    Feature record: CXX_FEATURE:0cxx_right_angle_brackets
    Feature record: CXX_FEATURE:0cxx_rvalue_references
    Feature record: CXX_FEATURE:0cxx_sizeof_member
    Feature record: CXX_FEATURE:0cxx_static_assert
    Feature record: CXX_FEATURE:0cxx_strong_enums
    Feature record: CXX_FEATURE:1cxx_template_template_parameters
    Feature record: CXX_FEATURE:0cxx_thread_local
    Feature record: CXX_FEATURE:0cxx_trailing_return_types
    Feature record: CXX_FEATURE:0cxx_unicode_literals
    Feature record: CXX_FEATURE:0cxx_uniform_initialization
    Feature record: CXX_FEATURE:0cxx_unrestricted_unions
    Feature record: CXX_FEATURE:0cxx_user_literals
    Feature record: CXX_FEATURE:0cxx_variable_templates
    Feature record: CXX_FEATURE:0cxx_variadic_macros
    Feature record: CXX_FEATURE:0cxx_variadic_templates
Performing C++ SOURCE FILE Test COMPILER_SUPPORTS_CXX11 succeded with the following output:
Change Dir: /storage/fbusato/lib/XLib/build/CMakeFiles/CMakeTmp

Run Build Command:"/usr/bin/make" "cmTryCompileExec3847945590/fast"
/usr/bin/make -f CMakeFiles/cmTryCompileExec3847945590.dir/build.make CMakeFiles/cmTryCompileExec3847945590.dir/build
make[1]: Entering directory `/storage/fbusato/lib/XLib/build/CMakeFiles/CMakeTmp'
/usr/bin/cmake -E cmake_progress_report /storage/fbusato/lib/XLib/build/CMakeFiles/CMakeTmp/CMakeFiles 1
Building CXX object CMakeFiles/cmTryCompileExec3847945590.dir/src.cxx.o
/storage/fbusato/bin/gcc-4.9.2/build/bin/g++    -DCOMPILER_SUPPORTS_CXX11   -std=c++11 -o CMakeFiles/cmTryCompileExec3847945590.dir/src.cxx.o -c /storage/fbusato/lib/XLib/build/CMakeFiles/CMakeTmp/src.cxx
Linking CXX executable cmTryCompileExec3847945590
/usr/bin/cmake -E cmake_link_script CMakeFiles/cmTryCompileExec3847945590.dir/link.txt --verbose=1
/storage/fbusato/bin/gcc-4.9.2/build/bin/g++    -DCOMPILER_SUPPORTS_CXX11    CMakeFiles/cmTryCompileExec3847945590.dir/src.cxx.o  -o cmTryCompileExec3847945590 -rdynamic 
make[1]: Leaving directory `/storage/fbusato/lib/XLib/build/CMakeFiles/CMakeTmp'

Source file was:
int main() { return 0; }
